{"level":"\u001b[31mERROR\u001b[0m","time":"2023-08-02T22:59:07.377+0800","msg":"Bucket创建失败，改Bucket已存在"}
{"level":"\u001b[31mERROR\u001b[0m","time":"2023-08-02T22:59:30.475+0800","msg":"Bucket创建失败，改Bucket已存在"}
{"level":"\u001b[31mERROR\u001b[0m","time":"2023-08-02T23:01:31.776+0800","msg":"Bucket创建失败，改Bucket已存在"}
{"level":"\u001b[31mERROR\u001b[0m","time":"2023-08-02T23:03:35.196+0800","msg":"record not found"}
{"level":"\u001b[31mERROR\u001b[0m","time":"2023-08-02T23:32:26.175+0800","msg":"record not found"}
{"level":"\u001b[31mERROR\u001b[0m","time":"2023-08-02T23:33:29.536+0800","msg":"Bucket创建失败，改Bucket已存在"}
{"level":"\u001b[31mERROR\u001b[0m","time":"2023-08-02T23:34:36.550+0800","msg":"Bucket创建失败，改Bucket已存在"}
{"level":"\u001b[31mERROR\u001b[0m","time":"2023-08-02T23:34:44.150+0800","msg":"Bucket创建失败，改Bucket已存在"}
{"level":"\u001b[31mERROR\u001b[0m","time":"2023-08-03T23:53:00.180+0800","msg":"AccessKey已被其他用户绑定"}
{"level":"\u001b[31mERROR\u001b[0m","time":"2023-08-03T23:53:00.181+0800","msg":"Bucket创建失败，改Bucket已存在"}
{"level":"\u001b[31mERROR\u001b[0m","time":"2023-08-03T23:53:24.862+0800","msg":"AccessKey已被其他用户绑定"}
{"level":"\u001b[31mERROR\u001b[0m","time":"2023-08-03T23:55:27.636+0800","msg":"AccessKey已被其他用户绑定"}
{"level":"\u001b[31mERROR\u001b[0m","time":"2023-08-05T11:54:42.517+0800","msg":"operation error S3: CreateBucket, https response error StatusCode: 400, RequestID: 64CDC8024A30753038DE98E6, HostID: lgb24kcs.oss-cn-chengdu.aliyuncs.com, api error InvalidLocationConstraint: The specified location-constraint is not valid."}
{"level":"\u001b[31mERROR\u001b[0m","time":"2023-08-05T12:00:56.200+0800","msg":"operation error S3: HeadBucket, https response error StatusCode: 404, RequestID: 64CDC978EF4CA43834F95D19, HostID: , NotFound: "}
{"level":"\u001b[31mERROR\u001b[0m","time":"2023-08-05T12:00:56.383+0800","msg":"operation error S3: CreateBucket, https response error StatusCode: 400, RequestID: 64CDC978EF4CA43834FE5D19, HostID: wangjianzuishuai.oss-cn-chengdu.aliyuncs.com, api error InvalidLocationConstraint: The specified location-constraint is not valid."}
{"level":"\u001b[31mERROR\u001b[0m","time":"2023-08-05T12:24:06.551+0800","msg":"operation error S3: HeadBucket, https response error StatusCode: 404, RequestID: 64CDCEE6E3A47E353811ECB3, HostID: , NotFound: "}
{"level":"\u001b[31mERROR\u001b[0m","time":"2023-08-05T12:46:25.052+0800","msg":"operation error S3: HeadBucket, https response error StatusCode: 404, RequestID: 64CDD42104ACC035324C68DA, HostID: , NotFound: "}
{"level":"\u001b[31mERROR\u001b[0m","time":"2023-08-05T12:46:25.646+0800","msg":"record not found"}
{"level":"\u001b[31mERROR\u001b[0m","time":"2023-08-05T12:54:25.366+0800","msg":"operation error S3: HeadBucket, https response error StatusCode: 404, RequestID: 64CDD601DFF2463136DF62C5, HostID: , NotFound: "}
{"level":"\u001b[31mERROR\u001b[0m","time":"2023-08-05T12:54:25.781+0800","msg":"record not found"}
{"level":"\u001b[31mERROR\u001b[0m","time":"2023-08-05T12:57:55.983+0800","msg":"operation error S3: HeadBucket, https response error StatusCode: 404, RequestID: 64CDD6D4B519C434336ED29F, HostID: , NotFound: "}
{"level":"\u001b[31mERROR\u001b[0m","time":"2023-08-05T13:01:56.698+0800","msg":"operation error S3: HeadBucket, https response error StatusCode: 404, RequestID: 64CDD7C404ACC03732A75DE0, HostID: , NotFound: "}
{"level":"\u001b[31mERROR\u001b[0m","time":"2023-08-05T13:01:58.863+0800","msg":"operation error S3: HeadBucket, https response error StatusCode: 404, RequestID: 64CDD7C6D9A90234392DD3BC, HostID: , NotFound: "}
{"level":"\u001b[31mERROR\u001b[0m","time":"2023-08-05T23:08:10.834+0800","msg":"operation error S3: HeadBucket, https response error StatusCode: 404, RequestID: 64CE65DBDFF24633340216B4, HostID: , NotFound: "}
{"level":"\u001b[31mERROR\u001b[0m","time":"2023-08-05T23:13:43.495+0800","msg":"operation error S3: HeadBucket, https response error StatusCode: 404, RequestID: 64CE6727BF07B63237373189, HostID: , NotFound: "}
{"level":"\u001b[31mERROR\u001b[0m","time":"2023-08-05T23:14:35.437+0800","msg":"operation error S3: HeadBucket, https response error StatusCode: 404, RequestID: 64CE675BE3A47E353079FEB0, HostID: , NotFound: "}
{"level":"\u001b[31mERROR\u001b[0m","time":"2023-08-05T23:26:24.214+0800","msg":"operation error S3: HeadBucket, https response error StatusCode: 404, RequestID: 64CE6A20BF07B63133092D8E, HostID: , NotFound: "}
{"level":"\u001b[31mERROR\u001b[0m","time":"2023-08-05T23:31:52.012+0800","msg":"operation error S3: HeadBucket, https response error StatusCode: 404, RequestID: 64CE6B68DFF24633302838BD, HostID: , NotFound: "}
{"level":"\u001b[31mERROR\u001b[0m","time":"2023-08-05T23:34:18.753+0800","msg":"operation error S3: HeadBucket, https response error StatusCode: 404, RequestID: 64CE6BFB5ABDFB3433CB89DD, HostID: , NotFound: "}
{"level":"\u001b[31mERROR\u001b[0m","time":"2023-08-05T23:36:34.176+0800","msg":"operation error S3: HeadBucket, https response error StatusCode: 404, RequestID: 64CE6C82D9A90236364646B3, HostID: , NotFound: "}
{"level":"\u001b[31mERROR\u001b[0m","time":"2023-08-05T23:37:33.649+0800","msg":"operation error S3: HeadBucket, https response error StatusCode: 404, RequestID: 64CE6CBE4A307539331A3DFA, HostID: , NotFound: "}
{"level":"\u001b[31mERROR\u001b[0m","time":"2023-08-05T23:38:22.494+0800","msg":"operation error S3: HeadBucket, https response error StatusCode: 404, RequestID: 64CE6CEEEF4CA436333A9027, HostID: , NotFound: "}
{"level":"\u001b[31mERROR\u001b[0m","time":"2023-08-05T23:40:42.822+0800","msg":"operation error S3: HeadBucket, https response error StatusCode: 404, RequestID: 64CE6D7BB519C43037AE479B, HostID: , NotFound: "}
{"level":"\u001b[31mERROR\u001b[0m","time":"2023-08-05T23:43:19.051+0800","msg":"operation error S3: HeadBucket, https response error StatusCode: 404, RequestID: 64CE6E17EF4CA43539E24E29, HostID: , NotFound: "}
{"level":"\u001b[31mERROR\u001b[0m","time":"2023-08-05T23:59:26.182+0800","msg":"sql: expected 3 arguments, got 1"}
{"level":"\u001b[31mERROR\u001b[0m","time":"2023-08-06T00:00:09.732+0800","msg":"sql: expected 3 arguments, got 4"}
{"level":"\u001b[31mERROR\u001b[0m","time":"2023-08-06T00:52:34.960+0800","msg":"record not found"}
{"level":"\u001b[31mERROR\u001b[0m","time":"2023-08-06T00:53:16.695+0800","msg":"record not found"}
{"level":"\u001b[31mERROR\u001b[0m","time":"2023-08-06T17:56:52.627+0800","msg":"record not found"}
{"level":"\u001b[31mERROR\u001b[0m","time":"2023-08-06T17:57:13.371+0800","msg":"record not found"}
{"level":"\u001b[31mERROR\u001b[0m","time":"2023-08-06T19:04:24.574+0800","msg":"operation error S3: HeadBucket, https response error StatusCode: 404, RequestID: 64CF7E394A30753133707D88, HostID: , NotFound: "}
{"level":"\u001b[31mERROR\u001b[0m","time":"2023-08-06T19:04:24.581+0800","msg":"operation error S3: CreateBucket, https response error StatusCode: 405, RequestID: 64CF7E394A30753133737D88, HostID: oss-cn-chengdu.aliyuncs.com, api error MethodNotAllowed: The specified method is not allowed against this resource."}
{"level":"\u001b[31mERROR\u001b[0m","time":"2023-08-06T19:05:00.491+0800","msg":"operation error S3: HeadBucket, https response error StatusCode: 404, RequestID: 64CF7E5CDFF24631357A034A, HostID: , NotFound: "}
{"level":"\u001b[31mERROR\u001b[0m","time":"2023-08-06T21:30:30.528+0800","msg":"operation error S3: HeadBucket, https response error StatusCode: 404, RequestID: 64CFA0765ABDFB32386C6AA5, HostID: , NotFound: "}
{"level":"\u001b[31mERROR\u001b[0m","time":"2023-08-07T20:42:42.122+0800","msg":"operation error S3: HeadBucket, https response error StatusCode: 403, RequestID: 64D0E6C34A3075323268ECB4, HostID: , api error Forbidden: Forbidden"}
{"level":"\u001b[31mERROR\u001b[0m","time":"2023-08-07T20:42:42.132+0800","msg":"operation error S3: CreateBucket, https response error StatusCode: 403, RequestID: 64D0E6C34A307532326FECB4, HostID: lgb24kcs.oss-cn-chengdu.aliyuncs.com, api error InvalidAccessKeyId: The OSS Access Key Id you provided is disabled."}
{"level":"\u001b[31mERROR\u001b[0m","time":"2023-08-07T20:43:01.934+0800","msg":"operation error S3: HeadBucket, https response error StatusCode: 403, RequestID: 64D0E6D7BF07B63039AA1C44, HostID: , api error Forbidden: Forbidden"}
{"level":"\u001b[31mERROR\u001b[0m","time":"2023-08-07T20:43:01.943+0800","msg":"operation error S3: CreateBucket, https response error StatusCode: 403, RequestID: 64D0E6D7BF07B63039B41C44, HostID: lgb24kcs.oss-cn-chengdu.aliyuncs.com, api error InvalidAccessKeyId: The OSS Access Key Id you provided is disabled."}
{"level":"\u001b[31mERROR\u001b[0m","time":"2023-08-07T20:46:35.264+0800","msg":"operation error S3: HeadBucket, https response error StatusCode: 404, RequestID: 64D0E7AC04ACC038385AB58B, HostID: , NotFound: "}
{"level":"\u001b[31mERROR\u001b[0m","time":"2023-08-07T20:46:35.284+0800","msg":"operation error S3: CreateBucket, https response error StatusCode: 403, RequestID: 64D0E7AC04ACC0383864B58B, HostID: lgb24kcs.oss-cn-chengdu.aliyuncs.com, api error InvalidAccessKeyId: The OSS Access Key Id you provided is disabled."}
{"level":"\u001b[31mERROR\u001b[0m","time":"2023-08-07T20:48:08.198+0800","msg":"operation error S3: HeadBucket, https response error StatusCode: 404, RequestID: 64D0E809D9A9023533CE1F68, HostID: , NotFound: "}
{"level":"\u001b[31mERROR\u001b[0m","time":"2023-08-07T20:48:08.206+0800","msg":"operation error S3: CreateBucket, https response error StatusCode: 403, RequestID: 64D0E809D9A9023533D11F68, HostID: lgb24kcs.oss-cn-chengdu.aliyuncs.com, api error InvalidAccessKeyId: The OSS Access Key Id you provided is disabled."}
{"level":"\u001b[31mERROR\u001b[0m","time":"2023-08-07T20:49:02.766+0800","msg":"operation error S3: HeadBucket, https response error StatusCode: 404, RequestID: 64D0E83F04ACC0353952C48C, HostID: , NotFound: "}
{"level":"\u001b[31mERROR\u001b[0m","time":"2023-08-07T20:49:02.774+0800","msg":"operation error S3: CreateBucket, https response error StatusCode: 403, RequestID: 64D0E83F04ACC0353975C48C, HostID: lgb24kcs.oss-cn-chengdu.aliyuncs.com, api error InvalidAccessKeyId: The OSS Access Key Id you provided is disabled."}
{"level":"\u001b[31mERROR\u001b[0m","time":"2023-08-07T20:50:14.690+0800","msg":"operation error S3: HeadBucket, https response error StatusCode: 404, RequestID: 64D0E887B519C43237ADAE56, HostID: , NotFound: "}
{"level":"\u001b[31mERROR\u001b[0m","time":"2023-08-07T20:50:14.699+0800","msg":"operation error S3: CreateBucket, https response error StatusCode: 403, RequestID: 64D0E887B519C43237B1AE56, HostID: lgb24kcs.oss-cn-chengdu.aliyuncs.com, api error InvalidAccessKeyId: The OSS Access Key Id you provided is disabled."}
{"level":"\u001b[31mERROR\u001b[0m","time":"2023-08-07T20:50:23.373+0800","msg":"operation error S3: HeadBucket, https response error StatusCode: 404, RequestID: 64D0E890DFF2463338DB1D75, HostID: , NotFound: "}
{"level":"\u001b[31mERROR\u001b[0m","time":"2023-08-07T20:50:23.388+0800","msg":"operation error S3: CreateBucket, https response error StatusCode: 403, RequestID: 64D0E890DFF2463338E01D75, HostID: lgb24kcs.oss-cn-chengdu.aliyuncs.com, api error InvalidAccessKeyId: The OSS Access Key Id you provided is disabled."}
{"level":"\u001b[31mERROR\u001b[0m","time":"2023-08-07T20:51:45.426+0800","msg":"operation error S3: HeadBucket, https response error StatusCode: 404, RequestID: 64D0E8E25ABDFB34325BED9C, HostID: , NotFound: "}
{"level":"\u001b[31mERROR\u001b[0m","time":"2023-08-07T20:51:45.437+0800","msg":"operation error S3: CreateBucket, https response error StatusCode: 403, RequestID: 64D0E8E25ABDFB34325DED9C, HostID: lgb24kcs.oss-cn-chengdu.aliyuncs.com, api error InvalidAccessKeyId: The OSS Access Key Id you provided is disabled."}
{"level":"\u001b[31mERROR\u001b[0m","time":"2023-08-07T20:52:05.649+0800","msg":"operation error S3: HeadBucket, https response error StatusCode: 404, RequestID: 64D0E8F6BF07B63237AFF247, HostID: , NotFound: "}
{"level":"\u001b[31mERROR\u001b[0m","time":"2023-08-07T20:52:05.660+0800","msg":"operation error S3: CreateBucket, https response error StatusCode: 403, RequestID: 64D0E8F6BF07B63237B3F247, HostID: dsfsdgfhgfh.oss-cn-chengdu.aliyuncs.com, api error InvalidAccessKeyId: The OSS Access Key Id you provided is disabled."}
{"level":"\u001b[31mERROR\u001b[0m","time":"2023-08-07T20:52:25.548+0800","msg":"operation error S3: HeadBucket, https response error StatusCode: 404, RequestID: 64D0E90ABF07B63337441A48, HostID: , NotFound: "}
{"level":"\u001b[31mERROR\u001b[0m","time":"2023-08-07T20:52:25.563+0800","msg":"operation error S3: CreateBucket, https response error StatusCode: 403, RequestID: 64D0E90ABF07B63337491A48, HostID: dsfsdgfhgfh.oss-cn-chengdu.aliyuncs.com, api error InvalidAccessKeyId: The OSS Access Key Id you provided is disabled."}
{"level":"\u001b[31mERROR\u001b[0m","time":"2023-08-07T20:52:40.277+0800","msg":"operation error S3: HeadBucket, https response error StatusCode: 404, RequestID: 64D0E919BF07B63435D43648, HostID: , NotFound: "}
{"level":"\u001b[31mERROR\u001b[0m","time":"2023-08-07T20:52:40.289+0800","msg":"operation error S3: CreateBucket, https response error StatusCode: 403, RequestID: 64D0E919BF07B63435003748, HostID: dsfsdgfhgfh.oss-cn-chengdu.aliyuncs.com, api error InvalidAccessKeyId: The OSS Access Key Id you provided is disabled."}
{"level":"\u001b[31mERROR\u001b[0m","time":"2023-08-07T20:53:06.202+0800","msg":"operation error S3: HeadBucket, https response error StatusCode: 404, RequestID: 64D0E933D9A90234381D456A, HostID: , NotFound: "}
{"level":"\u001b[31mERROR\u001b[0m","time":"2023-08-07T20:53:06.239+0800","msg":"operation error S3: CreateBucket, https response error StatusCode: 403, RequestID: 64D0E933D9A902343829456A, HostID: dsfsdgfhgfh.oss-cn-chengdu.aliyuncs.com, api error InvalidAccessKeyId: The OSS Access Key Id you provided does not exist in our records."}
{"level":"\u001b[31mERROR\u001b[0m","time":"2023-08-07T20:54:12.040+0800","msg":"operation error S3: HeadBucket, https response error StatusCode: 404, RequestID: 64D0E975BF07B633379CDD48, HostID: , NotFound: "}
{"level":"\u001b[31mERROR\u001b[0m","time":"2023-08-07T20:54:12.050+0800","msg":"operation error S3: CreateBucket, https response error StatusCode: 403, RequestID: 64D0E975BF07B63337E6DD48, HostID: lgb24kcs.oss-cn-chengdu.aliyuncs.com, api error InvalidAccessKeyId: The OSS Access Key Id you provided is disabled."}
{"level":"\u001b[31mERROR\u001b[0m","time":"2023-08-07T20:54:57.117+0800","msg":"operation error S3: HeadBucket, https response error StatusCode: 404, RequestID: 64D0E9A24A30753036C038BA, HostID: , NotFound: "}
{"level":"\u001b[31mERROR\u001b[0m","time":"2023-08-07T20:54:57.131+0800","msg":"operation error S3: CreateBucket, https response error StatusCode: 403, RequestID: 64D0E9A24A30753036D838BA, HostID: lgb24kcs.oss-cn-chengdu.aliyuncs.com, api error InvalidAccessKeyId: The OSS Access Key Id you provided does not exist in our records."}
{"level":"\u001b[31mERROR\u001b[0m","time":"2023-08-07T20:56:12.222+0800","msg":"operation error S3: HeadBucket, https response error StatusCode: 404, RequestID: LAsAAAD10DwjG3kX, HostID: , NotFound: "}
{"level":"\u001b[31mERROR\u001b[0m","time":"2023-08-07T20:56:23.258+0800","msg":"operation error S3: HeadBucket, https response error StatusCode: 404, RequestID: 64D0E9F8DFF2463331BEBA77, HostID: , NotFound: "}
{"level":"\u001b[31mERROR\u001b[0m","time":"2023-08-07T20:57:00.670+0800","msg":"operation error S3: HeadBucket, https response error StatusCode: 404, RequestID: 64D0EA1DB519C43036E6A359, HostID: , NotFound: "}
{"level":"\u001b[31mERROR\u001b[0m","time":"2023-08-07T21:57:57.095+0800","msg":"record not found"}
{"level":"\u001b[31mERROR\u001b[0m","time":"2023-08-07T21:58:44.770+0800","msg":"record not found"}
{"level":"\u001b[31mERROR\u001b[0m","time":"2023-08-07T21:58:59.969+0800","msg":"record not found"}
{"level":"\u001b[31mERROR\u001b[0m","time":"2023-08-08T21:12:18.582+0800","msg":"record not found"}
{"level":"\u001b[31mERROR\u001b[0m","time":"2023-08-08T22:53:13.649+0800","msg":"operation error S3: HeadObject, https response error StatusCode: 404, RequestID: BZsAAABSdXsacHkX, HostID: , NotFound: "}
{"level":"\u001b[31mERROR\u001b[0m","time":"2023-08-08T22:55:06.149+0800","msg":"operation error S3: HeadObject, https response error StatusCode: 404, RequestID: KbAAAABvlb00cHkX, HostID: , NotFound: "}
{"level":"\u001b[31mERROR\u001b[0m","time":"2023-08-08T23:02:02.806+0800","msg":"operation error S3: HeadObject, https response error StatusCode: 404, RequestID: avkAAABN3rOVcHkX, HostID: , NotFound: "}
{"level":"\u001b[31mERROR\u001b[0m","time":"2023-08-08T23:03:21.392+0800","msg":"operation error S3: HeadObject, https response error StatusCode: 404, RequestID: gUAAAAA5owyocHkX, HostID: , NotFound: "}
